Using pre-set license
Built from '2020.3/staging' branch; Version is '2020.3.11f1 (99c7afb366b3) revision 10078127'; Using compiler version '192528614'; Build Type 'Release'
OS: 'Windows 10 Home; OS build 19043.1288; Version 2009; 64bit' Language: 'en' Physical Memory: 16226 MB
BatchMode: 1, IsHumanControllingUs: 0, StartBugReporterOnCrash: 0, Is64bit: 1, IsPro: 0

 COMMAND LINE ARGUMENTS:
D:\UnityEditors\2020.3.11f1\Editor\Unity.exe
-adb2
-batchMode
-noUpm
-name
AssetImportWorker0
-projectPath
D:/GameProjects/WarAgainstInvaders/War-Against-Invaders
-logFile
Logs/AssetImportWorker0.log
-srvPort
65466
Successfully changed project path to: D:/GameProjects/WarAgainstInvaders/War-Against-Invaders
D:/GameProjects/WarAgainstInvaders/War-Against-Invaders
Using Asset Import Pipeline V2.
Refreshing native plugins compatible for Editor in 44.69 ms, found 2 plugins.
Preloading 0 native plugins for Editor in 0.00 ms.
Initialize engine version: 2020.3.11f1 (99c7afb366b3)
[Subsystems] Discovering subsystems at path D:/UnityEditors/2020.3.11f1/Editor/Data/Resources/UnitySubsystems
[Subsystems] Discovering subsystems at path D:/GameProjects/WarAgainstInvaders/War-Against-Invaders/Assets
GfxDevice: creating device client; threaded=0
Direct3D:
    Version:  Direct3D 11.0 [level 11.1]
    Renderer: NVIDIA GeForce GTX 1060 (ID=0x1c20)
    Vendor:   
    VRAM:     6052 MB
    Driver:   30.0.14.9613
Initialize mono
Mono path[0] = 'D:/UnityEditors/2020.3.11f1/Editor/Data/Managed'
Mono path[1] = 'D:/UnityEditors/2020.3.11f1/Editor/Data/MonoBleedingEdge/lib/mono/unityjit'
Mono config path = 'D:/UnityEditors/2020.3.11f1/Editor/Data/MonoBleedingEdge/etc'
Using monoOptions --debugger-agent=transport=dt_socket,embedding=1,server=y,suspend=n,address=127.0.0.1:56576
Begin MonoManager ReloadAssembly
Registering precompiled unity dll's ...
Register platform support module: D:/UnityEditors/2020.3.11f1/Editor/Data/PlaybackEngines/WindowsStandaloneSupport/UnityEditor.WindowsStandalone.Extensions.dll
Registered in 0.001007 seconds.
Native extension for WindowsStandalone target not found
Refreshing native plugins compatible for Editor in 43.10 ms, found 2 plugins.
Preloading 0 native plugins for Editor in 0.00 ms.
Mono: successfully reloaded assembly
- Completed reload, in  0.814 seconds
Platform modules already initialized, skipping
Registering precompiled user dll's ...
Registered in 0.002934 seconds.
Begin MonoManager ReloadAssembly
Native extension for WindowsStandalone target not found
Refreshing native plugins compatible for Editor in 42.79 ms, found 2 plugins.
Preloading 0 native plugins for Editor in 0.00 ms.
Mono: successfully reloaded assembly
- Completed reload, in  1.074 seconds
Platform modules already initialized, skipping
========================================================================
Worker process is ready to serve import requests
Shader 'Universal Render Pipeline/Particles/Lit': fallback shader 'Universal Render Pipeline/Particles/SimpleLit' not found
Shader 'Universal Render Pipeline/Particles/Lit': fallback shader 'Universal Render Pipeline/Particles/SimpleLit' not found
Launched and connected shader compiler UnityShaderCompiler.exe after 0.04 seconds
Refreshing native plugins compatible for Editor in 0.46 ms, found 2 plugins.
Preloading 0 native plugins for Editor in 0.00 ms.
Unloading 2745 Unused Serialized files (Serialized files now loaded: 0)
System memory in use before: 130.9 MB.
System memory in use after: 128.4 MB.

Unloading 50 unused Assets to reduce memory usage. Loaded Objects now: 3157.
Total: 3.398800 ms (FindLiveObjects: 0.246000 ms CreateObjectMapping: 0.112800 ms MarkObjects: 1.905800 ms  DeleteObjects: 1.133400 ms)

========================================================================
Received Import Request.
  path: Assets/Main/Managers/Scripts/IntroSceneManager.cs
  artifactKey: Guid(891e9df6faa4fd84dace34e715d92202) Importer(815301076,1909f56bfc062723c751e8b465ee728b)
Start importing Assets/Main/Managers/Scripts/IntroSceneManager.cs using Guid(891e9df6faa4fd84dace34e715d92202) Importer(815301076,1909f56bfc062723c751e8b465ee728b)  -> (artifact id: '5cef70549a0ef73739ba0b65e6baec05') in 0.046005 seconds
  Import took 0.049770 seconds .

========================================================================
Received Import Request.
  Time since last request: 0.000268 seconds.
  path: Assets/Main/Managers/Scripts/PlayerManager.cs
  artifactKey: Guid(6c8808b66d1811d46a4a8da6b4ef353d) Importer(815301076,1909f56bfc062723c751e8b465ee728b)
Start importing Assets/Main/Managers/Scripts/PlayerManager.cs using Guid(6c8808b66d1811d46a4a8da6b4ef353d) Importer(815301076,1909f56bfc062723c751e8b465ee728b)  -> (artifact id: 'a62488a9bde58190219a685ef3c9dd46') in 0.004848 seconds
  Import took 0.008304 seconds .

========================================================================
Received Prepare
Registering precompiled user dll's ...
Registered in 0.002967 seconds.
Begin MonoManager ReloadAssembly
Native extension for WindowsStandalone target not found
Refreshing native plugins compatible for Editor in 0.47 ms, found 2 plugins.
Preloading 0 native plugins for Editor in 0.00 ms.
Mono: successfully reloaded assembly
- Completed reload, in  0.894 seconds
Platform modules already initialized, skipping
Shader 'Universal Render Pipeline/Particles/Lit': fallback shader 'Universal Render Pipeline/Particles/SimpleLit' not found
Shader 'Universal Render Pipeline/Particles/Lit': fallback shader 'Universal Render Pipeline/Particles/SimpleLit' not found
Refreshing native plugins compatible for Editor in 0.49 ms, found 2 plugins.
Preloading 0 native plugins for Editor in 0.00 ms.
Unloading 2647 Unused Serialized files (Serialized files now loaded: 0)
System memory in use before: 124.9 MB.
System memory in use after: 122.5 MB.

Unloading 46 unused Assets to reduce memory usage. Loaded Objects now: 3160.
Total: 3.301600 ms (FindLiveObjects: 0.211000 ms CreateObjectMapping: 0.093500 ms MarkObjects: 1.824200 ms  DeleteObjects: 1.172000 ms)

========================================================================
Received Prepare
Registering precompiled user dll's ...
Registered in 0.002975 seconds.
Begin MonoManager ReloadAssembly
Native extension for WindowsStandalone target not found
Refreshing native plugins compatible for Editor in 0.48 ms, found 2 plugins.
Preloading 0 native plugins for Editor in 0.00 ms.
Mono: successfully reloaded assembly
- Completed reload, in  0.930 seconds
Platform modules already initialized, skipping
Shader 'Universal Render Pipeline/Particles/Lit': fallback shader 'Universal Render Pipeline/Particles/SimpleLit' not found
Shader 'Universal Render Pipeline/Particles/Lit': fallback shader 'Universal Render Pipeline/Particles/SimpleLit' not found
Refreshing native plugins compatible for Editor in 0.47 ms, found 2 plugins.
Preloading 0 native plugins for Editor in 0.00 ms.
Unloading 2647 Unused Serialized files (Serialized files now loaded: 0)
System memory in use before: 125.0 MB.
System memory in use after: 122.5 MB.

Unloading 45 unused Assets to reduce memory usage. Loaded Objects now: 3163.
Total: 3.457100 ms (FindLiveObjects: 0.235900 ms CreateObjectMapping: 0.083100 ms MarkObjects: 1.911300 ms  DeleteObjects: 1.226100 ms)

========================================================================
Received Import Request.
  Time since last request: 333.929211 seconds.
  path: Assets/Main/IntroScene/Scripts/IntroSceneManager.cs
  artifactKey: Guid(22e7bfc160f57b84c9958a59e6852d3c) Importer(815301076,1909f56bfc062723c751e8b465ee728b)
Start importing Assets/Main/IntroScene/Scripts/IntroSceneManager.cs using Guid(22e7bfc160f57b84c9958a59e6852d3c) Importer(815301076,1909f56bfc062723c751e8b465ee728b)  -> (artifact id: '5345d39888773b58f560811548090143') in 0.004928 seconds
  Import took 0.008848 seconds .

========================================================================
Received Import Request.
  Time since last request: 0.021823 seconds.
  path: Assets/Main/IntroScene/Scripts/IntroSceneManager.cs
  artifactKey: Guid(22e7bfc160f57b84c9958a59e6852d3c) Importer(815301076,1909f56bfc062723c751e8b465ee728b)
Start importing Assets/Main/IntroScene/Scripts/IntroSceneManager.cs using Guid(22e7bfc160f57b84c9958a59e6852d3c) Importer(815301076,1909f56bfc062723c751e8b465ee728b)  -> (artifact id: '5345d39888773b58f560811548090143') in 0.001954 seconds
  Import took 0.005835 seconds .

========================================================================
Received Prepare
Registering precompiled user dll's ...
Registered in 0.003036 seconds.
Begin MonoManager ReloadAssembly
Native extension for WindowsStandalone target not found
Refreshing native plugins compatible for Editor in 0.46 ms, found 2 plugins.
Preloading 0 native plugins for Editor in 0.00 ms.
Mono: successfully reloaded assembly
- Completed reload, in  0.904 seconds
Platform modules already initialized, skipping
Shader 'Universal Render Pipeline/Particles/Lit': fallback shader 'Universal Render Pipeline/Particles/SimpleLit' not found
Shader 'Universal Render Pipeline/Particles/Lit': fallback shader 'Universal Render Pipeline/Particles/SimpleLit' not found
Refreshing native plugins compatible for Editor in 0.47 ms, found 2 plugins.
Preloading 0 native plugins for Editor in 0.00 ms.
Unloading 2647 Unused Serialized files (Serialized files now loaded: 0)
System memory in use before: 125.0 MB.
System memory in use after: 122.5 MB.

Unloading 45 unused Assets to reduce memory usage. Loaded Objects now: 3166.
Total: 4.464900 ms (FindLiveObjects: 0.205100 ms CreateObjectMapping: 0.099600 ms MarkObjects: 2.125900 ms  DeleteObjects: 2.033200 ms)

========================================================================
Received Import Request.
  Time since last request: 342.187111 seconds.
  path: Assets/Main/IntroScene/Scripts/IntroCameraMovement.cs
  artifactKey: Guid(f7b54912eb4bf01449a14415482e9b42) Importer(815301076,1909f56bfc062723c751e8b465ee728b)
Start importing Assets/Main/IntroScene/Scripts/IntroCameraMovement.cs using Guid(f7b54912eb4bf01449a14415482e9b42) Importer(815301076,1909f56bfc062723c751e8b465ee728b)  -> (artifact id: '7cfc1ffe72e777223c7e81aba7c37484') in 0.008205 seconds
  Import took 0.012705 seconds .

========================================================================
Received Prepare
Registering precompiled user dll's ...
Registered in 0.003001 seconds.
Begin MonoManager ReloadAssembly
Native extension for WindowsStandalone target not found
Refreshing native plugins compatible for Editor in 0.49 ms, found 2 plugins.
Preloading 0 native plugins for Editor in 0.00 ms.
Mono: successfully reloaded assembly
- Completed reload, in  0.913 seconds
Platform modules already initialized, skipping
Shader 'Universal Render Pipeline/Particles/Lit': fallback shader 'Universal Render Pipeline/Particles/SimpleLit' not found
Shader 'Universal Render Pipeline/Particles/Lit': fallback shader 'Universal Render Pipeline/Particles/SimpleLit' not found
Refreshing native plugins compatible for Editor in 0.47 ms, found 2 plugins.
Preloading 0 native plugins for Editor in 0.00 ms.
Unloading 2647 Unused Serialized files (Serialized files now loaded: 0)
System memory in use before: 125.0 MB.
System memory in use after: 122.6 MB.

Unloading 45 unused Assets to reduce memory usage. Loaded Objects now: 3169.
Total: 3.641300 ms (FindLiveObjects: 0.232200 ms CreateObjectMapping: 0.095000 ms MarkObjects: 2.075400 ms  DeleteObjects: 1.238000 ms)

========================================================================
Received Import Request.
  Time since last request: 468.845884 seconds.
  path: Assets/Main/IntroScene/Scripts/IntroCameraMovement.cs
  artifactKey: Guid(f7b54912eb4bf01449a14415482e9b42) Importer(815301076,1909f56bfc062723c751e8b465ee728b)
Start importing Assets/Main/IntroScene/Scripts/IntroCameraMovement.cs using Guid(f7b54912eb4bf01449a14415482e9b42) Importer(815301076,1909f56bfc062723c751e8b465ee728b)  -> (artifact id: '553f56d76c0fd05c707ed73502d9782a') in 0.004188 seconds
  Import took 0.016186 seconds .

========================================================================
Received Prepare
Registering precompiled user dll's ...
Registered in 0.003157 seconds.
Begin MonoManager ReloadAssembly
Native extension for WindowsStandalone target not found
Refreshing native plugins compatible for Editor in 0.48 ms, found 2 plugins.
Preloading 0 native plugins for Editor in 0.00 ms.
Mono: successfully reloaded assembly
- Completed reload, in  0.895 seconds
Platform modules already initialized, skipping
Shader 'Universal Render Pipeline/Particles/Lit': fallback shader 'Universal Render Pipeline/Particles/SimpleLit' not found
Shader 'Universal Render Pipeline/Particles/Lit': fallback shader 'Universal Render Pipeline/Particles/SimpleLit' not found
Refreshing native plugins compatible for Editor in 0.47 ms, found 2 plugins.
Preloading 0 native plugins for Editor in 0.00 ms.
Unloading 2647 Unused Serialized files (Serialized files now loaded: 0)
System memory in use before: 125.0 MB.
System memory in use after: 122.6 MB.

Unloading 45 unused Assets to reduce memory usage. Loaded Objects now: 3172.
Total: 3.507900 ms (FindLiveObjects: 0.217700 ms CreateObjectMapping: 0.116200 ms MarkObjects: 1.909500 ms  DeleteObjects: 1.263600 ms)

========================================================================
Received Prepare
Registering precompiled user dll's ...
Registered in 0.003068 seconds.
Begin MonoManager ReloadAssembly
Native extension for WindowsStandalone target not found
Refreshing native plugins compatible for Editor in 0.47 ms, found 2 plugins.
Preloading 0 native plugins for Editor in 0.00 ms.
Mono: successfully reloaded assembly
- Completed reload, in  0.887 seconds
Platform modules already initialized, skipping
Shader 'Universal Render Pipeline/Particles/Lit': fallback shader 'Universal Render Pipeline/Particles/SimpleLit' not found
Shader 'Universal Render Pipeline/Particles/Lit': fallback shader 'Universal Render Pipeline/Particles/SimpleLit' not found
Refreshing native plugins compatible for Editor in 0.48 ms, found 2 plugins.
Preloading 0 native plugins for Editor in 0.00 ms.
Unloading 2647 Unused Serialized files (Serialized files now loaded: 0)
System memory in use before: 125.1 MB.
System memory in use after: 122.6 MB.

Unloading 45 unused Assets to reduce memory usage. Loaded Objects now: 3175.
Total: 3.811500 ms (FindLiveObjects: 0.215500 ms CreateObjectMapping: 0.105200 ms MarkObjects: 2.215600 ms  DeleteObjects: 1.274200 ms)

========================================================================
Received Prepare
Registering precompiled user dll's ...
Registered in 0.003022 seconds.
Begin MonoManager ReloadAssembly
Native extension for WindowsStandalone target not found
Refreshing native plugins compatible for Editor in 0.47 ms, found 2 plugins.
Preloading 0 native plugins for Editor in 0.00 ms.
Mono: successfully reloaded assembly
- Completed reload, in  0.876 seconds
Platform modules already initialized, skipping
Shader 'Universal Render Pipeline/Particles/Lit': fallback shader 'Universal Render Pipeline/Particles/SimpleLit' not found
Shader 'Universal Render Pipeline/Particles/Lit': fallback shader 'Universal Render Pipeline/Particles/SimpleLit' not found
Refreshing native plugins compatible for Editor in 0.47 ms, found 2 plugins.
Preloading 0 native plugins for Editor in 0.00 ms.
Unloading 2647 Unused Serialized files (Serialized files now loaded: 0)
System memory in use before: 125.1 MB.
System memory in use after: 122.6 MB.

Unloading 45 unused Assets to reduce memory usage. Loaded Objects now: 3178.
Total: 3.731500 ms (FindLiveObjects: 0.238900 ms CreateObjectMapping: 0.091900 ms MarkObjects: 2.131500 ms  DeleteObjects: 1.268000 ms)

========================================================================
Received Prepare
Registering precompiled user dll's ...
Registered in 0.003033 seconds.
Begin MonoManager ReloadAssembly
Native extension for WindowsStandalone target not found
Refreshing native plugins compatible for Editor in 0.46 ms, found 2 plugins.
Preloading 0 native plugins for Editor in 0.00 ms.
Mono: successfully reloaded assembly
- Completed reload, in  0.882 seconds
Platform modules already initialized, skipping
Shader 'Universal Render Pipeline/Particles/Lit': fallback shader 'Universal Render Pipeline/Particles/SimpleLit' not found
Shader 'Universal Render Pipeline/Particles/Lit': fallback shader 'Universal Render Pipeline/Particles/SimpleLit' not found
Refreshing native plugins compatible for Editor in 0.47 ms, found 2 plugins.
Preloading 0 native plugins for Editor in 0.00 ms.
Unloading 2647 Unused Serialized files (Serialized files now loaded: 0)
System memory in use before: 125.1 MB.
System memory in use after: 122.6 MB.

Unloading 45 unused Assets to reduce memory usage. Loaded Objects now: 3181.
Total: 3.782000 ms (FindLiveObjects: 0.249700 ms CreateObjectMapping: 0.099400 ms MarkObjects: 2.105500 ms  DeleteObjects: 1.326500 ms)

========================================================================
Received Prepare
Registering precompiled user dll's ...
Registered in 0.002960 seconds.
Begin MonoManager ReloadAssembly
Native extension for WindowsStandalone target not found
Refreshing native plugins compatible for Editor in 0.49 ms, found 2 plugins.
Preloading 0 native plugins for Editor in 0.00 ms.
Mono: successfully reloaded assembly
- Completed reload, in  0.878 seconds
Platform modules already initialized, skipping
Shader 'Universal Render Pipeline/Particles/Lit': fallback shader 'Universal Render Pipeline/Particles/SimpleLit' not found
Shader 'Universal Render Pipeline/Particles/Lit': fallback shader 'Universal Render Pipeline/Particles/SimpleLit' not found
Refreshing native plugins compatible for Editor in 0.47 ms, found 2 plugins.
Preloading 0 native plugins for Editor in 0.00 ms.
Unloading 2647 Unused Serialized files (Serialized files now loaded: 0)
System memory in use before: 125.1 MB.
System memory in use after: 122.6 MB.

Unloading 45 unused Assets to reduce memory usage. Loaded Objects now: 3184.
Total: 3.782700 ms (FindLiveObjects: 0.243900 ms CreateObjectMapping: 0.095200 ms MarkObjects: 2.130600 ms  DeleteObjects: 1.312200 ms)

========================================================================
Received Prepare
Registering precompiled user dll's ...
Registered in 0.003082 seconds.
Begin MonoManager ReloadAssembly
Native extension for WindowsStandalone target not found
Refreshing native plugins compatible for Editor in 0.48 ms, found 2 plugins.
Preloading 0 native plugins for Editor in 0.00 ms.
Mono: successfully reloaded assembly
- Completed reload, in  0.874 seconds
Platform modules already initialized, skipping
Shader 'Universal Render Pipeline/Particles/Lit': fallback shader 'Universal Render Pipeline/Particles/SimpleLit' not found
Shader 'Universal Render Pipeline/Particles/Lit': fallback shader 'Universal Render Pipeline/Particles/SimpleLit' not found
Refreshing native plugins compatible for Editor in 0.47 ms, found 2 plugins.
Preloading 0 native plugins for Editor in 0.00 ms.
Unloading 2647 Unused Serialized files (Serialized files now loaded: 0)
System memory in use before: 125.1 MB.
System memory in use after: 122.6 MB.

Unloading 45 unused Assets to reduce memory usage. Loaded Objects now: 3187.
Total: 3.762000 ms (FindLiveObjects: 0.244500 ms CreateObjectMapping: 0.105100 ms MarkObjects: 2.119600 ms  DeleteObjects: 1.291700 ms)

========================================================================
Received Prepare
Registering precompiled user dll's ...
Registered in 0.002911 seconds.
Begin MonoManager ReloadAssembly
Native extension for WindowsStandalone target not found
Refreshing native plugins compatible for Editor in 0.47 ms, found 2 plugins.
Preloading 0 native plugins for Editor in 0.00 ms.
Mono: successfully reloaded assembly
- Completed reload, in  0.863 seconds
Platform modules already initialized, skipping
Shader 'Universal Render Pipeline/Particles/Lit': fallback shader 'Universal Render Pipeline/Particles/SimpleLit' not found
Shader 'Universal Render Pipeline/Particles/Lit': fallback shader 'Universal Render Pipeline/Particles/SimpleLit' not found
Refreshing native plugins compatible for Editor in 0.47 ms, found 2 plugins.
Preloading 0 native plugins for Editor in 0.00 ms.
Unloading 2647 Unused Serialized files (Serialized files now loaded: 0)
System memory in use before: 125.1 MB.
System memory in use after: 122.6 MB.

Unloading 45 unused Assets to reduce memory usage. Loaded Objects now: 3190.
Total: 3.680000 ms (FindLiveObjects: 0.240000 ms CreateObjectMapping: 0.089400 ms MarkObjects: 2.096800 ms  DeleteObjects: 1.253000 ms)

========================================================================
Received Prepare
Registering precompiled user dll's ...
Registered in 0.002992 seconds.
Begin MonoManager ReloadAssembly
Native extension for WindowsStandalone target not found
Refreshing native plugins compatible for Editor in 0.47 ms, found 2 plugins.
Preloading 0 native plugins for Editor in 0.00 ms.
Mono: successfully reloaded assembly
- Completed reload, in  0.890 seconds
Platform modules already initialized, skipping
Shader 'Universal Render Pipeline/Particles/Lit': fallback shader 'Universal Render Pipeline/Particles/SimpleLit' not found
Shader 'Universal Render Pipeline/Particles/Lit': fallback shader 'Universal Render Pipeline/Particles/SimpleLit' not found
Refreshing native plugins compatible for Editor in 0.47 ms, found 2 plugins.
Preloading 0 native plugins for Editor in 0.00 ms.
Unloading 2647 Unused Serialized files (Serialized files now loaded: 0)
System memory in use before: 125.1 MB.
System memory in use after: 122.6 MB.

Unloading 45 unused Assets to reduce memory usage. Loaded Objects now: 3193.
Total: 3.526700 ms (FindLiveObjects: 0.225300 ms CreateObjectMapping: 0.086200 ms MarkObjects: 1.922300 ms  DeleteObjects: 1.292000 ms)

========================================================================
Received Prepare
Registering precompiled user dll's ...
Registered in 0.002986 seconds.
Begin MonoManager ReloadAssembly
Native extension for WindowsStandalone target not found
Refreshing native plugins compatible for Editor in 0.48 ms, found 2 plugins.
Preloading 0 native plugins for Editor in 0.00 ms.
Mono: successfully reloaded assembly
- Completed reload, in  0.878 seconds
Platform modules already initialized, skipping
Shader 'Universal Render Pipeline/Particles/Lit': fallback shader 'Universal Render Pipeline/Particles/SimpleLit' not found
Shader 'Universal Render Pipeline/Particles/Lit': fallback shader 'Universal Render Pipeline/Particles/SimpleLit' not found
Refreshing native plugins compatible for Editor in 0.48 ms, found 2 plugins.
Preloading 0 native plugins for Editor in 0.00 ms.
Unloading 2647 Unused Serialized files (Serialized files now loaded: 0)
System memory in use before: 125.1 MB.
System memory in use after: 122.6 MB.

Unloading 45 unused Assets to reduce memory usage. Loaded Objects now: 3196.
Total: 3.308500 ms (FindLiveObjects: 0.214100 ms CreateObjectMapping: 0.101900 ms MarkObjects: 1.744500 ms  DeleteObjects: 1.247100 ms)

========================================================================
Received Prepare
Registering precompiled user dll's ...
Registered in 0.003046 seconds.
Begin MonoManager ReloadAssembly
Native extension for WindowsStandalone target not found
Refreshing native plugins compatible for Editor in 0.47 ms, found 2 plugins.
Preloading 0 native plugins for Editor in 0.00 ms.
Mono: successfully reloaded assembly
- Completed reload, in  0.871 seconds
Platform modules already initialized, skipping
Shader 'Universal Render Pipeline/Particles/Lit': fallback shader 'Universal Render Pipeline/Particles/SimpleLit' not found
Shader 'Universal Render Pipeline/Particles/Lit': fallback shader 'Universal Render Pipeline/Particles/SimpleLit' not found
Refreshing native plugins compatible for Editor in 0.53 ms, found 2 plugins.
Preloading 0 native plugins for Editor in 0.00 ms.
Unloading 2647 Unused Serialized files (Serialized files now loaded: 0)
System memory in use before: 125.1 MB.
System memory in use after: 122.6 MB.

Unloading 45 unused Assets to reduce memory usage. Loaded Objects now: 3199.
Total: 3.820900 ms (FindLiveObjects: 0.231100 ms CreateObjectMapping: 0.096500 ms MarkObjects: 2.145200 ms  DeleteObjects: 1.347300 ms)

========================================================================
Received Prepare
Registering precompiled user dll's ...
Registered in 0.002934 seconds.
Begin MonoManager ReloadAssembly
Native extension for WindowsStandalone target not found
Refreshing native plugins compatible for Editor in 0.48 ms, found 2 plugins.
Preloading 0 native plugins for Editor in 0.00 ms.
Mono: successfully reloaded assembly
- Completed reload, in  0.903 seconds
Platform modules already initialized, skipping
Shader 'Universal Render Pipeline/Particles/Lit': fallback shader 'Universal Render Pipeline/Particles/SimpleLit' not found
Shader 'Universal Render Pipeline/Particles/Lit': fallback shader 'Universal Render Pipeline/Particles/SimpleLit' not found
Refreshing native plugins compatible for Editor in 0.47 ms, found 2 plugins.
Preloading 0 native plugins for Editor in 0.00 ms.
Unloading 2647 Unused Serialized files (Serialized files now loaded: 0)
System memory in use before: 125.2 MB.
System memory in use after: 122.6 MB.

Unloading 45 unused Assets to reduce memory usage. Loaded Objects now: 3202.
Total: 3.949100 ms (FindLiveObjects: 0.227300 ms CreateObjectMapping: 0.086800 ms MarkObjects: 2.278400 ms  DeleteObjects: 1.355500 ms)

========================================================================
Received Import Request.
  Time since last request: 1393.862791 seconds.
  path: Assets/Main/IntroScene/Scripts/IntroCorridorManager.cs
  artifactKey: Guid(5694d7e38367c47428a0a4fdce09d8b3) Importer(815301076,1909f56bfc062723c751e8b465ee728b)
Start importing Assets/Main/IntroScene/Scripts/IntroCorridorManager.cs using Guid(5694d7e38367c47428a0a4fdce09d8b3) Importer(815301076,1909f56bfc062723c751e8b465ee728b)  -> (artifact id: 'f7c8cd69f1f91e7991f7a20600a57ae8') in 0.009588 seconds
  Import took 0.014020 seconds .

========================================================================
Received Import Request.
  Time since last request: 0.023209 seconds.
  path: Assets/Main/IntroScene/Scripts/IntroCorridorManager.cs
  artifactKey: Guid(5694d7e38367c47428a0a4fdce09d8b3) Importer(815301076,1909f56bfc062723c751e8b465ee728b)
Start importing Assets/Main/IntroScene/Scripts/IntroCorridorManager.cs using Guid(5694d7e38367c47428a0a4fdce09d8b3) Importer(815301076,1909f56bfc062723c751e8b465ee728b)  -> (artifact id: 'f7c8cd69f1f91e7991f7a20600a57ae8') in 0.001874 seconds
  Import took 0.006091 seconds .

========================================================================
Received Import Request.
  Time since last request: 3.358392 seconds.
  path: Assets/Main/IntroScene/Scripts/IntroCorridor.cs
  artifactKey: Guid(9ad06ba9e2e17d64399c54034832ce2a) Importer(815301076,1909f56bfc062723c751e8b465ee728b)
Start importing Assets/Main/IntroScene/Scripts/IntroCorridor.cs using Guid(9ad06ba9e2e17d64399c54034832ce2a) Importer(815301076,1909f56bfc062723c751e8b465ee728b)  -> (artifact id: '78eb6c4d2b45375ff728d9e696b6bcaa') in 0.005464 seconds
  Import took 0.009549 seconds .

========================================================================
Received Prepare
Registering precompiled user dll's ...
Registered in 0.003018 seconds.
Begin MonoManager ReloadAssembly
Native extension for WindowsStandalone target not found
Refreshing native plugins compatible for Editor in 0.50 ms, found 2 plugins.
Preloading 0 native plugins for Editor in 0.00 ms.
Mono: successfully reloaded assembly
- Completed reload, in  0.882 seconds
Platform modules already initialized, skipping
Shader 'Universal Render Pipeline/Particles/Lit': fallback shader 'Universal Render Pipeline/Particles/SimpleLit' not found
Shader 'Universal Render Pipeline/Particles/Lit': fallback shader 'Universal Render Pipeline/Particles/SimpleLit' not found
Refreshing native plugins compatible for Editor in 0.49 ms, found 2 plugins.
Preloading 0 native plugins for Editor in 0.00 ms.
Unloading 2647 Unused Serialized files (Serialized files now loaded: 0)
System memory in use before: 125.1 MB.
System memory in use after: 122.6 MB.

Unloading 45 unused Assets to reduce memory usage. Loaded Objects now: 3205.
Total: 3.584100 ms (FindLiveObjects: 0.242800 ms CreateObjectMapping: 0.094500 ms MarkObjects: 1.955500 ms  DeleteObjects: 1.290400 ms)

========================================================================
Received Import Request.
  Time since last request: 224.026419 seconds.
  path: Assets/Main/IntroScene/Scripts/IntroCorridor.cs
  artifactKey: Guid(9ad06ba9e2e17d64399c54034832ce2a) Importer(815301076,1909f56bfc062723c751e8b465ee728b)
Start importing Assets/Main/IntroScene/Scripts/IntroCorridor.cs using Guid(9ad06ba9e2e17d64399c54034832ce2a) Importer(815301076,1909f56bfc062723c751e8b465ee728b)  -> (artifact id: 'fb49ca6629073696d4d4abbe1ef4425a') in 0.004213 seconds
  Import took 0.025811 seconds .

========================================================================
Received Import Request.
  Time since last request: 1.426433 seconds.
  path: Assets/Main/IntroScene/Scripts/IntroCorridor.cs
  artifactKey: Guid(9ad06ba9e2e17d64399c54034832ce2a) Importer(815301076,1909f56bfc062723c751e8b465ee728b)
Start importing Assets/Main/IntroScene/Scripts/IntroCorridor.cs using Guid(9ad06ba9e2e17d64399c54034832ce2a) Importer(815301076,1909f56bfc062723c751e8b465ee728b)  -> (artifact id: 'fb49ca6629073696d4d4abbe1ef4425a') in 0.001506 seconds
  Import took 0.005111 seconds .

========================================================================
Received Prepare
Registering precompiled user dll's ...
Registered in 0.003028 seconds.
Begin MonoManager ReloadAssembly
Native extension for WindowsStandalone target not found
Refreshing native plugins compatible for Editor in 0.55 ms, found 2 plugins.
Preloading 0 native plugins for Editor in 0.00 ms.
Mono: successfully reloaded assembly
- Completed reload, in  0.879 seconds
Platform modules already initialized, skipping
Shader 'Universal Render Pipeline/Particles/Lit': fallback shader 'Universal Render Pipeline/Particles/SimpleLit' not found
Shader 'Universal Render Pipeline/Particles/Lit': fallback shader 'Universal Render Pipeline/Particles/SimpleLit' not found
Refreshing native plugins compatible for Editor in 0.48 ms, found 2 plugins.
Preloading 0 native plugins for Editor in 0.00 ms.
Unloading 2647 Unused Serialized files (Serialized files now loaded: 0)
System memory in use before: 125.1 MB.
System memory in use after: 122.7 MB.

Unloading 45 unused Assets to reduce memory usage. Loaded Objects now: 3208.
Total: 3.637700 ms (FindLiveObjects: 0.234200 ms CreateObjectMapping: 0.088900 ms MarkObjects: 2.069800 ms  DeleteObjects: 1.243800 ms)

========================================================================
Received Prepare
Registering precompiled user dll's ...
Registered in 0.002961 seconds.
Begin MonoManager ReloadAssembly
Native extension for WindowsStandalone target not found
Refreshing native plugins compatible for Editor in 0.47 ms, found 2 plugins.
Preloading 0 native plugins for Editor in 0.00 ms.
Mono: successfully reloaded assembly
- Completed reload, in  0.880 seconds
Platform modules already initialized, skipping
Shader 'Universal Render Pipeline/Particles/Lit': fallback shader 'Universal Render Pipeline/Particles/SimpleLit' not found
Shader 'Universal Render Pipeline/Particles/Lit': fallback shader 'Universal Render Pipeline/Particles/SimpleLit' not found
Refreshing native plugins compatible for Editor in 0.48 ms, found 2 plugins.
Preloading 0 native plugins for Editor in 0.00 ms.
Unloading 2647 Unused Serialized files (Serialized files now loaded: 0)
System memory in use before: 125.2 MB.
System memory in use after: 122.7 MB.

Unloading 45 unused Assets to reduce memory usage. Loaded Objects now: 3211.
Total: 3.803000 ms (FindLiveObjects: 0.240000 ms CreateObjectMapping: 0.095700 ms MarkObjects: 2.172300 ms  DeleteObjects: 1.293700 ms)

========================================================================
Received Prepare
Registering precompiled user dll's ...
Registered in 0.003064 seconds.
Begin MonoManager ReloadAssembly
Native extension for WindowsStandalone target not found
Refreshing native plugins compatible for Editor in 0.49 ms, found 2 plugins.
Preloading 0 native plugins for Editor in 0.00 ms.
Mono: successfully reloaded assembly
- Completed reload, in  0.885 seconds
Platform modules already initialized, skipping
Shader 'Universal Render Pipeline/Particles/Lit': fallback shader 'Universal Render Pipeline/Particles/SimpleLit' not found
Shader 'Universal Render Pipeline/Particles/Lit': fallback shader 'Universal Render Pipeline/Particles/SimpleLit' not found
Refreshing native plugins compatible for Editor in 0.47 ms, found 2 plugins.
Preloading 0 native plugins for Editor in 0.00 ms.
Unloading 2647 Unused Serialized files (Serialized files now loaded: 0)
System memory in use before: 125.1 MB.
System memory in use after: 122.7 MB.

Unloading 45 unused Assets to reduce memory usage. Loaded Objects now: 3214.
Total: 3.802400 ms (FindLiveObjects: 0.247500 ms CreateObjectMapping: 0.094900 ms MarkObjects: 2.156800 ms  DeleteObjects: 1.302300 ms)

========================================================================
Received Prepare
Registering precompiled user dll's ...
Registered in 0.004082 seconds.
Begin MonoManager ReloadAssembly
Native extension for WindowsStandalone target not found
Refreshing native plugins compatible for Editor in 0.48 ms, found 2 plugins.
Preloading 0 native plugins for Editor in 0.00 ms.
Mono: successfully reloaded assembly
- Completed reload, in  0.869 seconds
Platform modules already initialized, skipping
Shader 'Universal Render Pipeline/Particles/Lit': fallback shader 'Universal Render Pipeline/Particles/SimpleLit' not found
Shader 'Universal Render Pipeline/Particles/Lit': fallback shader 'Universal Render Pipeline/Particles/SimpleLit' not found
Refreshing native plugins compatible for Editor in 0.48 ms, found 2 plugins.
Preloading 0 native plugins for Editor in 0.00 ms.
Unloading 2647 Unused Serialized files (Serialized files now loaded: 0)
System memory in use before: 125.2 MB.
System memory in use after: 122.7 MB.

Unloading 45 unused Assets to reduce memory usage. Loaded Objects now: 3217.
Total: 3.806900 ms (FindLiveObjects: 0.241300 ms CreateObjectMapping: 0.088100 ms MarkObjects: 2.173600 ms  DeleteObjects: 1.303100 ms)

========================================================================
Received Prepare
Registering precompiled user dll's ...
Registered in 0.003021 seconds.
Begin MonoManager ReloadAssembly
Native extension for WindowsStandalone target not found
Refreshing native plugins compatible for Editor in 0.47 ms, found 2 plugins.
Preloading 0 native plugins for Editor in 0.00 ms.
Mono: successfully reloaded assembly
- Completed reload, in  0.890 seconds
Platform modules already initialized, skipping
Shader 'Universal Render Pipeline/Particles/Lit': fallback shader 'Universal Render Pipeline/Particles/SimpleLit' not found
Shader 'Universal Render Pipeline/Particles/Lit': fallback shader 'Universal Render Pipeline/Particles/SimpleLit' not found
Refreshing native plugins compatible for Editor in 0.47 ms, found 2 plugins.
Preloading 0 native plugins for Editor in 0.00 ms.
Unloading 2647 Unused Serialized files (Serialized files now loaded: 0)
System memory in use before: 125.2 MB.
System memory in use after: 122.7 MB.

Unloading 45 unused Assets to reduce memory usage. Loaded Objects now: 3220.
Total: 3.777900 ms (FindLiveObjects: 0.249700 ms CreateObjectMapping: 0.104200 ms MarkObjects: 2.107400 ms  DeleteObjects: 1.315900 ms)

========================================================================
Received Prepare
Registering precompiled user dll's ...
Registered in 0.003012 seconds.
Begin MonoManager ReloadAssembly
Native extension for WindowsStandalone target not found
Refreshing native plugins compatible for Editor in 0.48 ms, found 2 plugins.
Preloading 0 native plugins for Editor in 0.00 ms.
Mono: successfully reloaded assembly
- Completed reload, in  0.908 seconds
Platform modules already initialized, skipping
Shader 'Universal Render Pipeline/Particles/Lit': fallback shader 'Universal Render Pipeline/Particles/SimpleLit' not found
Shader 'Universal Render Pipeline/Particles/Lit': fallback shader 'Universal Render Pipeline/Particles/SimpleLit' not found
Refreshing native plugins compatible for Editor in 0.48 ms, found 2 plugins.
Preloading 0 native plugins for Editor in 0.00 ms.
Unloading 2647 Unused Serialized files (Serialized files now loaded: 0)
System memory in use before: 125.1 MB.
System memory in use after: 122.7 MB.

Unloading 45 unused Assets to reduce memory usage. Loaded Objects now: 3223.
Total: 3.838100 ms (FindLiveObjects: 0.253700 ms CreateObjectMapping: 0.098700 ms MarkObjects: 2.174000 ms  DeleteObjects: 1.310400 ms)

========================================================================
Received Prepare
Registering precompiled user dll's ...
Registered in 0.003060 seconds.
Begin MonoManager ReloadAssembly
Native extension for WindowsStandalone target not found
Refreshing native plugins compatible for Editor in 0.48 ms, found 2 plugins.
Preloading 0 native plugins for Editor in 0.00 ms.
Mono: successfully reloaded assembly
- Completed reload, in  0.883 seconds
Platform modules already initialized, skipping
Shader 'Universal Render Pipeline/Particles/Lit': fallback shader 'Universal Render Pipeline/Particles/SimpleLit' not found
Shader 'Universal Render Pipeline/Particles/Lit': fallback shader 'Universal Render Pipeline/Particles/SimpleLit' not found
Refreshing native plugins compatible for Editor in 0.47 ms, found 2 plugins.
Preloading 0 native plugins for Editor in 0.00 ms.
Unloading 2647 Unused Serialized files (Serialized files now loaded: 0)
System memory in use before: 125.2 MB.
System memory in use after: 122.7 MB.

Unloading 45 unused Assets to reduce memory usage. Loaded Objects now: 3226.
Total: 3.518900 ms (FindLiveObjects: 0.228500 ms CreateObjectMapping: 0.088000 ms MarkObjects: 1.950700 ms  DeleteObjects: 1.250800 ms)

========================================================================
Received Prepare
Registering precompiled user dll's ...
Registered in 0.003002 seconds.
Begin MonoManager ReloadAssembly
Native extension for WindowsStandalone target not found
Refreshing native plugins compatible for Editor in 0.48 ms, found 2 plugins.
Preloading 0 native plugins for Editor in 0.00 ms.
Mono: successfully reloaded assembly
- Completed reload, in  0.894 seconds
Platform modules already initialized, skipping
Shader 'Universal Render Pipeline/Particles/Lit': fallback shader 'Universal Render Pipeline/Particles/SimpleLit' not found
Shader 'Universal Render Pipeline/Particles/Lit': fallback shader 'Universal Render Pipeline/Particles/SimpleLit' not found
Refreshing native plugins compatible for Editor in 0.47 ms, found 2 plugins.
Preloading 0 native plugins for Editor in 0.00 ms.
Unloading 2647 Unused Serialized files (Serialized files now loaded: 0)
System memory in use before: 125.3 MB.
System memory in use after: 122.7 MB.

Unloading 45 unused Assets to reduce memory usage. Loaded Objects now: 3229.
Total: 3.816000 ms (FindLiveObjects: 0.251200 ms CreateObjectMapping: 0.113900 ms MarkObjects: 2.130100 ms  DeleteObjects: 1.319800 ms)

========================================================================
Received Prepare
Registering precompiled user dll's ...
Registered in 0.002999 seconds.
Begin MonoManager ReloadAssembly
Native extension for WindowsStandalone target not found
Refreshing native plugins compatible for Editor in 0.48 ms, found 2 plugins.
Preloading 0 native plugins for Editor in 0.00 ms.
Mono: successfully reloaded assembly
- Completed reload, in  0.905 seconds
Platform modules already initialized, skipping
Shader 'Universal Render Pipeline/Particles/Lit': fallback shader 'Universal Render Pipeline/Particles/SimpleLit' not found
Shader 'Universal Render Pipeline/Particles/Lit': fallback shader 'Universal Render Pipeline/Particles/SimpleLit' not found
Refreshing native plugins compatible for Editor in 0.48 ms, found 2 plugins.
Preloading 0 native plugins for Editor in 0.00 ms.
Unloading 2647 Unused Serialized files (Serialized files now loaded: 0)
System memory in use before: 125.2 MB.
System memory in use after: 122.7 MB.

Unloading 45 unused Assets to reduce memory usage. Loaded Objects now: 3232.
Total: 3.747200 ms (FindLiveObjects: 0.241600 ms CreateObjectMapping: 0.092000 ms MarkObjects: 2.142800 ms  DeleteObjects: 1.269800 ms)

========================================================================
Received Prepare
Registering precompiled user dll's ...
Registered in 0.003017 seconds.
Begin MonoManager ReloadAssembly
Native extension for WindowsStandalone target not found
Refreshing native plugins compatible for Editor in 0.46 ms, found 2 plugins.
Preloading 0 native plugins for Editor in 0.00 ms.
Mono: successfully reloaded assembly
- Completed reload, in  0.885 seconds
Platform modules already initialized, skipping
Shader 'Universal Render Pipeline/Particles/Lit': fallback shader 'Universal Render Pipeline/Particles/SimpleLit' not found
Shader 'Universal Render Pipeline/Particles/Lit': fallback shader 'Universal Render Pipeline/Particles/SimpleLit' not found
Refreshing native plugins compatible for Editor in 0.48 ms, found 2 plugins.
Preloading 0 native plugins for Editor in 0.00 ms.
Unloading 2647 Unused Serialized files (Serialized files now loaded: 0)
System memory in use before: 125.2 MB.
System memory in use after: 122.7 MB.

Unloading 45 unused Assets to reduce memory usage. Loaded Objects now: 3235.
Total: 3.804300 ms (FindLiveObjects: 0.253700 ms CreateObjectMapping: 0.098300 ms MarkObjects: 2.148000 ms  DeleteObjects: 1.303400 ms)

========================================================================
Received Prepare
Registering precompiled user dll's ...
Registered in 0.002948 seconds.
Begin MonoManager ReloadAssembly
Native extension for WindowsStandalone target not found
Refreshing native plugins compatible for Editor in 0.49 ms, found 2 plugins.
Preloading 0 native plugins for Editor in 0.00 ms.
Mono: successfully reloaded assembly
- Completed reload, in  0.885 seconds
Platform modules already initialized, skipping
Shader 'Universal Render Pipeline/Particles/Lit': fallback shader 'Universal Render Pipeline/Particles/SimpleLit' not found
Shader 'Universal Render Pipeline/Particles/Lit': fallback shader 'Universal Render Pipeline/Particles/SimpleLit' not found
Refreshing native plugins compatible for Editor in 0.53 ms, found 2 plugins.
Preloading 0 native plugins for Editor in 0.00 ms.
Unloading 2647 Unused Serialized files (Serialized files now loaded: 0)
System memory in use before: 125.2 MB.
System memory in use after: 122.7 MB.

Unloading 45 unused Assets to reduce memory usage. Loaded Objects now: 3238.
Total: 3.642900 ms (FindLiveObjects: 0.262300 ms CreateObjectMapping: 0.090300 ms MarkObjects: 1.999800 ms  DeleteObjects: 1.289600 ms)

========================================================================
Received Prepare
Registering precompiled user dll's ...
Registered in 0.003014 seconds.
Begin MonoManager ReloadAssembly
Native extension for WindowsStandalone target not found
Refreshing native plugins compatible for Editor in 0.47 ms, found 2 plugins.
Preloading 0 native plugins for Editor in 0.00 ms.
Mono: successfully reloaded assembly
- Completed reload, in  0.884 seconds
Platform modules already initialized, skipping
Shader 'Universal Render Pipeline/Particles/Lit': fallback shader 'Universal Render Pipeline/Particles/SimpleLit' not found
Shader 'Universal Render Pipeline/Particles/Lit': fallback shader 'Universal Render Pipeline/Particles/SimpleLit' not found
Refreshing native plugins compatible for Editor in 0.49 ms, found 2 plugins.
Preloading 0 native plugins for Editor in 0.00 ms.
Unloading 2647 Unused Serialized files (Serialized files now loaded: 0)
System memory in use before: 125.3 MB.
System memory in use after: 122.7 MB.

Unloading 45 unused Assets to reduce memory usage. Loaded Objects now: 3241.
Total: 3.700900 ms (FindLiveObjects: 0.278700 ms CreateObjectMapping: 0.118000 ms MarkObjects: 1.926900 ms  DeleteObjects: 1.376200 ms)

========================================================================
Received Prepare
Registering precompiled user dll's ...
Registered in 0.002971 seconds.
Begin MonoManager ReloadAssembly
Native extension for WindowsStandalone target not found
Refreshing native plugins compatible for Editor in 0.48 ms, found 2 plugins.
Preloading 0 native plugins for Editor in 0.00 ms.
Mono: successfully reloaded assembly
- Completed reload, in  0.876 seconds
Platform modules already initialized, skipping
Shader 'Universal Render Pipeline/Particles/Lit': fallback shader 'Universal Render Pipeline/Particles/SimpleLit' not found
Shader 'Universal Render Pipeline/Particles/Lit': fallback shader 'Universal Render Pipeline/Particles/SimpleLit' not found
Refreshing native plugins compatible for Editor in 0.47 ms, found 2 plugins.
Preloading 0 native plugins for Editor in 0.00 ms.
Unloading 2647 Unused Serialized files (Serialized files now loaded: 0)
System memory in use before: 125.2 MB.
System memory in use after: 122.7 MB.

Unloading 45 unused Assets to reduce memory usage. Loaded Objects now: 3244.
Total: 3.737600 ms (FindLiveObjects: 0.258800 ms CreateObjectMapping: 0.105200 ms MarkObjects: 2.106600 ms  DeleteObjects: 1.266200 ms)

========================================================================
Received Prepare
Registering precompiled user dll's ...
Registered in 0.003005 seconds.
Begin MonoManager ReloadAssembly
Native extension for WindowsStandalone target not found
Refreshing native plugins compatible for Editor in 0.50 ms, found 2 plugins.
Preloading 0 native plugins for Editor in 0.00 ms.
Mono: successfully reloaded assembly
- Completed reload, in  0.914 seconds
Platform modules already initialized, skipping
Shader 'Universal Render Pipeline/Particles/Lit': fallback shader 'Universal Render Pipeline/Particles/SimpleLit' not found
Shader 'Universal Render Pipeline/Particles/Lit': fallback shader 'Universal Render Pipeline/Particles/SimpleLit' not found
Refreshing native plugins compatible for Editor in 0.48 ms, found 2 plugins.
Preloading 0 native plugins for Editor in 0.00 ms.
Unloading 2647 Unused Serialized files (Serialized files now loaded: 0)
System memory in use before: 125.2 MB.
System memory in use after: 122.7 MB.

Unloading 45 unused Assets to reduce memory usage. Loaded Objects now: 3247.
Total: 3.598400 ms (FindLiveObjects: 0.228600 ms CreateObjectMapping: 0.107800 ms MarkObjects: 1.979600 ms  DeleteObjects: 1.281300 ms)

========================================================================
Received Prepare
Registering precompiled user dll's ...
Registered in 0.003096 seconds.
Begin MonoManager ReloadAssembly
Native extension for WindowsStandalone target not found
Refreshing native plugins compatible for Editor in 0.47 ms, found 2 plugins.
Preloading 0 native plugins for Editor in 0.00 ms.
Mono: successfully reloaded assembly
- Completed reload, in  0.898 seconds
Platform modules already initialized, skipping
Shader 'Universal Render Pipeline/Particles/Lit': fallback shader 'Universal Render Pipeline/Particles/SimpleLit' not found
Shader 'Universal Render Pipeline/Particles/Lit': fallback shader 'Universal Render Pipeline/Particles/SimpleLit' not found
Refreshing native plugins compatible for Editor in 0.49 ms, found 2 plugins.
Preloading 0 native plugins for Editor in 0.00 ms.
Unloading 2647 Unused Serialized files (Serialized files now loaded: 0)
System memory in use before: 125.3 MB.
System memory in use after: 122.7 MB.

Unloading 45 unused Assets to reduce memory usage. Loaded Objects now: 3250.
Total: 3.728000 ms (FindLiveObjects: 0.232300 ms CreateObjectMapping: 0.094200 ms MarkObjects: 2.130900 ms  DeleteObjects: 1.269700 ms)

========================================================================
Received Prepare
Registering precompiled user dll's ...
Registered in 0.003136 seconds.
Begin MonoManager ReloadAssembly
Native extension for WindowsStandalone target not found
Refreshing native plugins compatible for Editor in 0.48 ms, found 2 plugins.
Preloading 0 native plugins for Editor in 0.00 ms.
Mono: successfully reloaded assembly
- Completed reload, in  0.881 seconds
Platform modules already initialized, skipping
Shader 'Universal Render Pipeline/Particles/Lit': fallback shader 'Universal Render Pipeline/Particles/SimpleLit' not found
Shader 'Universal Render Pipeline/Particles/Lit': fallback shader 'Universal Render Pipeline/Particles/SimpleLit' not found
Refreshing native plugins compatible for Editor in 0.48 ms, found 2 plugins.
Preloading 0 native plugins for Editor in 0.00 ms.
Unloading 2647 Unused Serialized files (Serialized files now loaded: 0)
System memory in use before: 125.2 MB.
System memory in use after: 122.8 MB.

Unloading 45 unused Assets to reduce memory usage. Loaded Objects now: 3253.
Total: 3.790400 ms (FindLiveObjects: 0.242800 ms CreateObjectMapping: 0.096900 ms MarkObjects: 2.118400 ms  DeleteObjects: 1.331400 ms)

========================================================================
Received Prepare
Registering precompiled user dll's ...
Registered in 0.003011 seconds.
Begin MonoManager ReloadAssembly
Native extension for WindowsStandalone target not found
Refreshing native plugins compatible for Editor in 0.54 ms, found 2 plugins.
Preloading 0 native plugins for Editor in 0.00 ms.
Mono: successfully reloaded assembly
- Completed reload, in  0.904 seconds
Platform modules already initialized, skipping
Shader 'Universal Render Pipeline/Particles/Lit': fallback shader 'Universal Render Pipeline/Particles/SimpleLit' not found
Shader 'Universal Render Pipeline/Particles/Lit': fallback shader 'Universal Render Pipeline/Particles/SimpleLit' not found
Refreshing native plugins compatible for Editor in 0.47 ms, found 2 plugins.
Preloading 0 native plugins for Editor in 0.00 ms.
Unloading 2647 Unused Serialized files (Serialized files now loaded: 0)
System memory in use before: 125.2 MB.
System memory in use after: 122.8 MB.

Unloading 45 unused Assets to reduce memory usage. Loaded Objects now: 3256.
Total: 3.588400 ms (FindLiveObjects: 0.248700 ms CreateObjectMapping: 0.095700 ms MarkObjects: 1.942600 ms  DeleteObjects: 1.300400 ms)

========================================================================
Received Prepare
Registering precompiled user dll's ...
Registered in 0.003089 seconds.
Begin MonoManager ReloadAssembly
Native extension for WindowsStandalone target not found
Refreshing native plugins compatible for Editor in 0.46 ms, found 2 plugins.
Preloading 0 native plugins for Editor in 0.00 ms.
Mono: successfully reloaded assembly
- Completed reload, in  0.862 seconds
Platform modules already initialized, skipping
Shader 'Universal Render Pipeline/Particles/Lit': fallback shader 'Universal Render Pipeline/Particles/SimpleLit' not found
Shader 'Universal Render Pipeline/Particles/Lit': fallback shader 'Universal Render Pipeline/Particles/SimpleLit' not found
Refreshing native plugins compatible for Editor in 0.47 ms, found 2 plugins.
Preloading 0 native plugins for Editor in 0.00 ms.
Unloading 2647 Unused Serialized files (Serialized files now loaded: 0)
System memory in use before: 125.2 MB.
System memory in use after: 122.8 MB.

Unloading 45 unused Assets to reduce memory usage. Loaded Objects now: 3259.
Total: 3.559800 ms (FindLiveObjects: 0.240100 ms CreateObjectMapping: 0.099000 ms MarkObjects: 1.937500 ms  DeleteObjects: 1.282300 ms)

AssetImportWorkerClient::OnTransportError - code=2 error=End of file
