Using pre-set license
Built from '2020.3/staging' branch; Version is '2020.3.11f1 (99c7afb366b3) revision 10078127'; Using compiler version '192528614'; Build Type 'Release'
OS: 'Windows 10 Home; OS build 19043.1110; Version 2009; 64bit' Language: 'en' Physical Memory: 16226 MB
BatchMode: 1, IsHumanControllingUs: 0, StartBugReporterOnCrash: 0, Is64bit: 1, IsPro: 0

 COMMAND LINE ARGUMENTS:
D:\UnityEditors\2020.3.11f1\Editor\Unity.exe
-adb2
-batchMode
-noUpm
-name
AssetImportWorker0
-projectPath
D:/GameProjects/WarAgainstInvaders/War-Against-Invaders
-logFile
Logs/AssetImportWorker0.log
-srvPort
53462
Successfully changed project path to: D:/GameProjects/WarAgainstInvaders/War-Against-Invaders
D:/GameProjects/WarAgainstInvaders/War-Against-Invaders
Using Asset Import Pipeline V2.
Refreshing native plugins compatible for Editor in 72.71 ms, found 2 plugins.
Preloading 0 native plugins for Editor in 0.00 ms.
Initialize engine version: 2020.3.11f1 (99c7afb366b3)
[Subsystems] Discovering subsystems at path D:/UnityEditors/2020.3.11f1/Editor/Data/Resources/UnitySubsystems
[Subsystems] Discovering subsystems at path D:/GameProjects/WarAgainstInvaders/War-Against-Invaders/Assets
GfxDevice: creating device client; threaded=0
Direct3D:
    Version:  Direct3D 11.0 [level 11.1]
    Renderer: NVIDIA GeForce GTX 1060 (ID=0x1c20)
    Vendor:   
    VRAM:     6052 MB
    Driver:   27.21.14.5709
Initialize mono
Mono path[0] = 'D:/UnityEditors/2020.3.11f1/Editor/Data/Managed'
Mono path[1] = 'D:/UnityEditors/2020.3.11f1/Editor/Data/MonoBleedingEdge/lib/mono/unityjit'
Mono config path = 'D:/UnityEditors/2020.3.11f1/Editor/Data/MonoBleedingEdge/etc'
Using monoOptions --debugger-agent=transport=dt_socket,embedding=1,server=y,suspend=n,address=127.0.0.1:56132
Begin MonoManager ReloadAssembly
Registering precompiled unity dll's ...
Register platform support module: D:/UnityEditors/2020.3.11f1/Editor/Data/PlaybackEngines/WindowsStandaloneSupport/UnityEditor.WindowsStandalone.Extensions.dll
Registered in 0.001405 seconds.
Native extension for WindowsStandalone target not found
Refreshing native plugins compatible for Editor in 87.91 ms, found 2 plugins.
Preloading 0 native plugins for Editor in 0.00 ms.
Mono: successfully reloaded assembly
- Completed reload, in  1.588 seconds
Platform modules already initialized, skipping
Registering precompiled user dll's ...
Registered in 0.004801 seconds.
Begin MonoManager ReloadAssembly
Native extension for WindowsStandalone target not found
Refreshing native plugins compatible for Editor in 65.52 ms, found 2 plugins.
Preloading 0 native plugins for Editor in 0.00 ms.
Mono: successfully reloaded assembly
- Completed reload, in  1.671 seconds
Platform modules already initialized, skipping
========================================================================
Worker process is ready to serve import requests
Shader 'Universal Render Pipeline/Particles/Lit': fallback shader 'Universal Render Pipeline/Particles/SimpleLit' not found
Shader 'Universal Render Pipeline/Particles/Lit': fallback shader 'Universal Render Pipeline/Particles/SimpleLit' not found
Launched and connected shader compiler UnityShaderCompiler.exe after 0.08 seconds
Refreshing native plugins compatible for Editor in 1.79 ms, found 2 plugins.
Preloading 0 native plugins for Editor in 0.00 ms.
Unloading 2708 Unused Serialized files (Serialized files now loaded: 0)
System memory in use before: 123.3 MB.
System memory in use after: 120.6 MB.

Unloading 52 unused Assets to reduce memory usage. Loaded Objects now: 3113.
Total: 6.992800 ms (FindLiveObjects: 0.427900 ms CreateObjectMapping: 0.265300 ms MarkObjects: 3.502100 ms  DeleteObjects: 2.795600 ms)

========================================================================
Received Import Request.
  path: Assets/Editor
  artifactKey: Guid(a813b78137223f14593184ed5c4dd01c) Importer(815301076,1909f56bfc062723c751e8b465ee728b)
Start importing Assets/Editor using Guid(a813b78137223f14593184ed5c4dd01c) Importer(815301076,1909f56bfc062723c751e8b465ee728b)  -> (artifact id: '87ae16a816ff5ca3d66d8d08bb45917d') in 0.016424 seconds
  Import took 0.024772 seconds .

========================================================================
Received Import Request.
  Time since last request: 16.506906 seconds.
  path: Assets/Editor/HierarchyHighlight.cs
  artifactKey: Guid(906d5416fb48e3147b9c186c34bd229e) Importer(815301076,1909f56bfc062723c751e8b465ee728b)
Start importing Assets/Editor/HierarchyHighlight.cs using Guid(906d5416fb48e3147b9c186c34bd229e) Importer(815301076,1909f56bfc062723c751e8b465ee728b)  -> (artifact id: 'de11024f28af4140d63c55376703219b') in 0.088280 seconds
  Import took 0.120549 seconds .

========================================================================
Received Prepare
Registering precompiled user dll's ...
Registered in 0.005499 seconds.
Begin MonoManager ReloadAssembly
Native extension for WindowsStandalone target not found
Refreshing native plugins compatible for Editor in 1.16 ms, found 2 plugins.
Preloading 0 native plugins for Editor in 0.00 ms.
Mono: successfully reloaded assembly
- Completed reload, in  2.043 seconds
Platform modules already initialized, skipping
Shader 'Universal Render Pipeline/Particles/Lit': fallback shader 'Universal Render Pipeline/Particles/SimpleLit' not found
Shader 'Universal Render Pipeline/Particles/Lit': fallback shader 'Universal Render Pipeline/Particles/SimpleLit' not found
Refreshing native plugins compatible for Editor in 0.64 ms, found 2 plugins.
Preloading 0 native plugins for Editor in 0.00 ms.
Unloading 2632 Unused Serialized files (Serialized files now loaded: 0)
System memory in use before: 119.5 MB.
System memory in use after: 116.8 MB.

Unloading 47 unused Assets to reduce memory usage. Loaded Objects now: 3117.
Total: 6.086100 ms (FindLiveObjects: 0.465100 ms CreateObjectMapping: 0.267900 ms MarkObjects: 3.000700 ms  DeleteObjects: 2.349700 ms)

========================================================================
Received Prepare
Registering precompiled user dll's ...
Registered in 0.006310 seconds.
Begin MonoManager ReloadAssembly
Native extension for WindowsStandalone target not found
Refreshing native plugins compatible for Editor in 0.77 ms, found 2 plugins.
Preloading 0 native plugins for Editor in 0.00 ms.
Mono: successfully reloaded assembly
- Completed reload, in  2.234 seconds
Platform modules already initialized, skipping
Shader 'Universal Render Pipeline/Particles/Lit': fallback shader 'Universal Render Pipeline/Particles/SimpleLit' not found
Shader 'Universal Render Pipeline/Particles/Lit': fallback shader 'Universal Render Pipeline/Particles/SimpleLit' not found
Refreshing native plugins compatible for Editor in 0.66 ms, found 2 plugins.
Preloading 0 native plugins for Editor in 0.00 ms.
Unloading 2631 Unused Serialized files (Serialized files now loaded: 0)
System memory in use before: 119.5 MB.
System memory in use after: 116.8 MB.

Unloading 47 unused Assets to reduce memory usage. Loaded Objects now: 3120.
Total: 7.464700 ms (FindLiveObjects: 0.426600 ms CreateObjectMapping: 0.277500 ms MarkObjects: 4.769100 ms  DeleteObjects: 1.989300 ms)

AssetImportWorkerClient::OnTransportError - code=2 error=End of file
